<?xml version="1.0" encoding="UTF-8"?>
<testng-results skipped="0" failed="0" total="1" passed="1">
  <reporter-output>
  </reporter-output>
  <suite name="Default suite" duration-ms="42" started-at="2021-11-15T13:27:50Z" finished-at="2021-11-15T13:27:50Z">
    <groups>
    </groups>
    <test name="Default test" duration-ms="42" started-at="2021-11-15T13:27:50Z" finished-at="2021-11-15T13:27:50Z">
      <class name="SeleniumTest.SeleniumTest.AppTest">
        <test-method status="PASS" signature="test()[pri:0, instance:SeleniumTest.SeleniumTest.AppTest@58651fd0]" name="test" duration-ms="18" started-at="2021-11-15T18:57:50Z" finished-at="2021-11-15T18:57:50Z">
          <reporter-output>
          </reporter-output>
        </test-method> <!-- test -->
      </class> <!-- SeleniumTest.SeleniumTest.AppTest -->
    </test> <!-- Default test -->
  </suite> <!-- Default suite -->
</testng-results>
